1340879704 545828864 493273088
1340879704 545828864 493273088 545828864 493273088
1340879403 544477184 494624768 544477184 494624768
1340879400 544361226 494740725 544477184 506220544
1340879100 525776322 499470936 532881408 506220544
1340878800 0 0 0 0
1340878500 0 0 0 0
1340878200 0 0 0 0
1340877900 0 0 0 0
1340877600 0 0 0 0
1340877300 0 0 0 0
1340877000 0 0 0 0
1340876700 0 0 0 0
1340876400 0 0 0 0
1340876100 0 0 0 0
1340875800 0 0 0 0
1340875500 0 0 0 0
1340875200 0 0 0 0
1340874900 0 0 0 0
1340874600 0 0 0 0
1340874300 0 0 0 0
1340874000 0 0 0 0
1340873700 0 0 0 0
1340873400 0 0 0 0
1340873100 0 0 0 0
1340872800 0 0 0 0
1340872500 0 0 0 0
1340872200 0 0 0 0
1340871900 0 0 0 0
1340871600 0 0 0 0
1340871300 0 0 0 0
1340871000 0 0 0 0
1340870700 0 0 0 0
1340870400 0 0 0 0
1340870100 0 0 0 0
1340869800 0 0 0 0
1340869500 0 0 0 0
1340869200 0 0 0 0
1340868900 0 0 0 0
1340868600 0 0 0 0
1340868300 0 0 0 0
1340868000 0 0 0 0
1340867700 0 0 0 0
1340867400 0 0 0 0
1340867100 0 0 0 0
1340866800 0 0 0 0
1340866500 0 0 0 0
1340866200 0 0 0 0
1340865900 0 0 0 0
1340865600 0 0 0 0
1340865300 0 0 0 0
1340865000 0 0 0 0
1340864700 0 0 0 0
1340864400 0 0 0 0
1340864100 0 0 0 0
1340863800 0 0 0 0
1340863500 0 0 0 0
1340863200 0 0 0 0
1340862900 0 0 0 0
1340862600 0 0 0 0
1340862300 0 0 0 0
1340862000 0 0 0 0
1340861700 0 0 0 0
1340861400 0 0 0 0
1340861100 0 0 0 0
1340860800 0 0 0 0
1340860500 0 0 0 0
1340860200 0 0 0 0
1340859900 0 0 0 0
1340859600 0 0 0 0
1340859300 0 0 0 0
1340859000 0 0 0 0
1340858700 0 0 0 0
1340858400 0 0 0 0
1340858100 0 0 0 0
1340857800 0 0 0 0
1340857500 0 0 0 0
1340857200 0 0 0 0
1340856900 0 0 0 0
1340856600 0 0 0 0
1340856300 0 0 0 0
1340856000 0 0 0 0
1340855700 0 0 0 0
1340855400 0 0 0 0
1340855100 0 0 0 0
1340854800 0 0 0 0
1340854500 0 0 0 0
1340854200 0 0 0 0
1340853900 0 0 0 0
1340853600 0 0 0 0
1340853300 0 0 0 0
1340853000 0 0 0 0
1340852700 0 0 0 0
1340852400 0 0 0 0
1340852100 0 0 0 0
1340851800 0 0 0 0
1340851500 0 0 0 0
1340851200 0 0 0 0
1340850900 0 0 0 0
1340850600 0 0 0 0
1340850300 0 0 0 0
1340850000 0 0 0 0
1340849700 0 0 0 0
1340849400 0 0 0 0
1340849100 0 0 0 0
1340848800 0 0 0 0
1340848500 0 0 0 0
1340848200 0 0 0 0
1340847900 0 0 0 0
1340847600 0 0 0 0
1340847300 0 0 0 0
1340847000 0 0 0 0
1340846700 0 0 0 0
1340846400 0 0 0 0
1340846100 0 0 0 0
1340845800 0 0 0 0
1340845500 0 0 0 0
1340845200 0 0 0 0
1340844900 0 0 0 0
1340844600 0 0 0 0
1340844300 0 0 0 0
1340844000 0 0 0 0
1340843700 0 0 0 0
1340843400 0 0 0 0
1340843100 0 0 0 0
1340842800 0 0 0 0
1340842500 0 0 0 0
1340842200 0 0 0 0
1340841900 0 0 0 0
1340841600 0 0 0 0
1340841300 0 0 0 0
1340841000 0 0 0 0
1340840700 0 0 0 0
1340840400 0 0 0 0
1340840100 0 0 0 0
1340839800 0 0 0 0
1340839500 0 0 0 0
1340839200 0 0 0 0
1340838900 0 0 0 0
1340838600 0 0 0 0
1340838300 0 0 0 0
1340838000 0 0 0 0
1340837700 0 0 0 0
1340837400 0 0 0 0
1340837100 0 0 0 0
1340836800 0 0 0 0
1340836500 0 0 0 0
1340836200 0 0 0 0
1340835900 0 0 0 0
1340835600 0 0 0 0
1340835300 0 0 0 0
1340835000 0 0 0 0
1340834700 0 0 0 0
1340834400 0 0 0 0
1340834100 0 0 0 0
1340833800 0 0 0 0
1340833500 0 0 0 0
1340833200 0 0 0 0
1340832900 0 0 0 0
1340832600 0 0 0 0
1340832300 0 0 0 0
1340832000 0 0 0 0
1340831700 0 0 0 0
1340831400 0 0 0 0
1340831100 0 0 0 0
1340830800 0 0 0 0
1340830500 0 0 0 0
1340830200 0 0 0 0
1340829900 0 0 0 0
1340829600 0 0 0 0
1340829300 0 0 0 0
1340829000 0 0 0 0
1340828700 0 0 0 0
1340828400 0 0 0 0
1340828100 0 0 0 0
1340827800 0 0 0 0
1340827500 0 0 0 0
1340827200 0 0 0 0
1340826900 0 0 0 0
1340826600 0 0 0 0
1340826300 0 0 0 0
1340826000 0 0 0 0
1340825700 0 0 0 0
1340825400 0 0 0 0
1340825100 0 0 0 0
1340824800 0 0 0 0
1340824500 0 0 0 0
1340824200 0 0 0 0
1340823900 0 0 0 0
1340823600 0 0 0 0
1340823300 0 0 0 0
1340823000 0 0 0 0
1340822700 0 0 0 0
1340822400 0 0 0 0
1340822100 0 0 0 0
1340821800 0 0 0 0
1340821500 0 0 0 0
1340821200 0 0 0 0
1340820900 0 0 0 0
1340820600 0 0 0 0
1340820300 0 0 0 0
1340820000 0 0 0 0
1340819700 0 0 0 0
1340819400 6555074 7299618 491630592 547471360
1340819100 491678993 547422958 494534656 547471360
1340818800 494545578 544556373 495353856 544567296
1340818500 495286749 543815202 495353856 547774464
1340818200 490581906 548520045 491327488 603693056
1340817900 435408896 603693056 435408896 603693056
1340817600 435408896 603693056 435408896 603693056
1340817300 435408896 603693056 435408896 603693056
1340817000 435408896 603693056 435408896 603693056
1340816700 504726323 534375628 608702464 603693056
1340816400 608648396 430453555 608702464 430534656
1340816100 608557465 430544486 608567296 430559232
1340815800 663561052 375540899 744951808 430559232
1340815500 746654105 292447846 749207552 294150144
1340815200 746974412 292127539 749207552 295477248
1340814900 745402368 293699584 748068864 295477248
1340814600 742072320 297029632 748068864 306024448
1340814300 733022986 306078965 733077504 306159616
1340814000 735996313 303105638 740577280 306159616
1340813700 723991756 315110195 740577280 339988480
1340813400 663875174 375226777 699113472 427356160
1340813100 367047475 256413696 611745792 427356160
1340812800 0 0 0 0
1340812500 0 0 0 0
1340812200 0 0 0 0
1340811900 0 0 0 0
1340811600 0 0 0 0
1340811300 0 0 0 0
1340811000 0 0 0 0
1340810700 0 0 0 0
1340810400 0 0 0 0
1340810100 0 0 0 0
1340809800 0 0 0 0
1340809500 282438533 70856130 830701568 208400384
1340809200 830573595 208528356 830701568 208773120
1340808900 830282874 208819077 830328832 208908288
1340808600 830104535 208997416 830193664 209170432
1340808300 829931520 209170432 829931520 209170432
1340808000 829793648 209308303 829931520 209575936
1340807700 829499555 209602396 829526016 209653760
1340807400 829614134 209487817 829931520 209653760
1340807100 829839605 209262346 829931520 209440768
1340806800 829580410 209521541 829661184 209678336
1340806500 829382833 209719118 829423616 209797120
1340806200 829218488 209883463 829304832 210051072
1340805900 828970106 210131845 829050880 210288640
1340805600 829246450 209855501 830074880 210288640
1340805300 829984877 209117074 830074880 209289216
1340805000 829769564 209332387 829812736 209416192
1340804700 829599416 209502535 829685760 209670144
1340804400 829385400 209716551 829431808 209805312
1340804100 829172695 209929256 829296640 210169856
1340803800 828537978 210563973 828932096 211329024
1340803500 827775740 211326211 827781120 211329024
1340803200 827737948 211364003 827781120 211447808
1340802900 827613757 211488194 827654144 211566592
1340802600 827445357 211656594 827535360 211828736
1340802300 827186872 211915079 827273216 212082688
1340802000 826458030 212643921 827019264 213733376
1340801700 825408962 213692989 825487360 213733376
1340801400 825015255 214086696 825487360 215003136
1340801100 824052858 215049093 824098816 215138304
1340800800 823931617 215170334 823963648 215232512
1340800500 822899097 216202854 823869440 218058752
1340800200 821555691 217546260 822550528 218058752
1340799900 822556098 216545853 822566912 216551424
1340799600 822479721 216622230 822566912 216788992
1340799300 822186229 216915722 822312960 217161728
1340799000 821838970 217262981 821940224 217456640
1340798700 821602140 217499811 821645312 217583616
1340798400 821860925 217241026 822525952 217583616
1340798100 822485565 216616386 822525952 216694784
1340797800 824660459 214441492 829034496 216694784
1340797500 825712831 213389120 829034496 219742208
1340797200 819226146 219875805 819359744 220131328
1340796900 817494425 221607526 818970624 224473088
1340796600 813438156 225663795 814628864 227975168
1340796300 810314874 228787077 811126784 230363136
1340796000 807596905 231505046 808738816 233689088
1340795700 806201098 232900853 807731200 233689088
1340795400 806693355 232408596 807731200 234393600
1340795100 788434725 250667226 804708352 281792512
1340794800 773519769 265582182 804986880 281792512
1340794500 771814195 267287756 804986880 331681792
1340794200 707562195 331539756 707833856 331681792
1340793900 707831070 331270881 707833856 331276288
1340793600 707741286 331360665 707825664 331522048
1340793300 707536732 331565219 707579904 331649024
1340793000 707447357 331654594 707452928 331665408
1340792700 707398574 331703377 707436544 331776000
1340792400 707279994 331821957 707325952 331911168
1340792100 707150001 331951950 707190784 332029952
1340791800 707028828 332073123 707072000 332156928
1340791500 706901852 332200099 706945024 332283904
1340791200 706728045 332373906 706818048 332546048
1340790900 706555904 332546048 706555904 332546048
1340790600 706555904 332546048 706555904 332546048
1340790300 706472345 332629606 706555904 332791808
1340790000 706263736 332838215 706310144 332926976
1340789700 706131804 332970147 706174976 333053952
1340789400 706050785 333051166 706056192 333053952
1340789100 705969001 333132950 706056192 333299712
1340788800 705578024 333523927 705802240 333959168
1340788500 705277870 333824081 705540096 333959168
1340788200 705361838 333740113 705540096 334086144
1340787900 713531801 325570150 730062848 334086144
1340787600 726921188 312180763 730062848 318189568
1340787300 721792723 317309228 723476480 318189568
1340787000 725467955 313633996 729333760 315625472
1340786700 730730577 308371374 733442048 309768192
1340786400 720013352 319088599 733442048 344772608
1340786100 684393881 354708070 694329344 373710848
1340785800 661713141 377388810 665391104 384528384
1340785500 653795082 385306869 654573568 386818048
1340785200 651783946 387318005 652283904 388288512
1340784900 652972032 386129920 657162240 388288512
1340784600 652079936 387022015 657162240 398045184
1340784300 644921589 394180362 645779456 404045824
1340784000 635869525 403232426 644816896 404045824
1340783700 622875101 402372157 644816896 584916992
1340783400 0 0 0 0
1340783100 0 0 0 0
1340782800 0 0 0 0
1340782500 0 0 0 0
1340782200 0 0 0 0
1340781900 0 0 0 0
1340781600 0 0 0 0
1340781300 0 0 0 0
1340781000 0 0 0 0
1340780700 0 0 0 0
1340780400 0 0 0 0
1340780100 0 0 0 0
1340779800 0 0 0 0
1340779500 0 0 0 0
1340779200 0 0 0 0
1340778900 0 0 0 0
1340778600 0 0 0 0
1340778300 0 0 0 0
1340778000 0 0 0 0
1340777700 0 0 0 0
1340777400 0 0 0 0
1340777100 0 0 0 0
1340776800 0 0 0 0
1340776500 0 0 0 0
1340776200 0 0 0 0
1340775900 0 0 0 0
1340775600 0 0 0 0
1340775300 0 0 0 0
1340775000 0 0 0 0
1340774700 0 0 0 0
1340774400 0 0 0 0
1340774100 0 0 0 0
1340773800 0 0 0 0
1340773500 0 0 0 0
1340773200 0 0 0 0
1340772900 0 0 0 0
1340772600 0 0 0 0
1340772300 0 0 0 0
1340772000 0 0 0 0
1340771700 0 0 0 0
1340771400 0 0 0 0
1340771100 0 0 0 0
1340770800 0 0 0 0
1340770500 0 0 0 0
1340770200 0 0 0 0
1340769900 0 0 0 0
1340769600 0 0 0 0
1340769300 0 0 0 0
1340769000 0 0 0 0
1340768700 0 0 0 0
1340768400 0 0 0 0
1340768100 0 0 0 0
1340767800 0 0 0 0
1340767500 0 0 0 0
1340767200 0 0 0 0
1340766900 0 0 0 0
1340766600 0 0 0 0
1340766300 0 0 0 0
1340766000 0 0 0 0
1340765700 0 0 0 0
1340765400 0 0 0 0
1340765100 0 0 0 0
1340764800 0 0 0 0
1340764500 0 0 0 0
1340764200 0 0 0 0
1340763900 0 0 0 0
1340763600 0 0 0 0
1340763300 0 0 0 0
1340763000 0 0 0 0
1340762700 0 0 0 0
1340762400 0 0 0 0
1340762100 0 0 0 0
1340761800 0 0 0 0
1340761500 0 0 0 0
1340761200 0 0 0 0
1340760900 0 0 0 0
1340760600 0 0 0 0
1340760300 0 0 0 0
1340760000 0 0 0 0
1340759700 0 0 0 0
1340759400 0 0 0 0
1340759100 0 0 0 0
1340758800 0 0 0 0
1340758500 0 0 0 0
1340758200 0 0 0 0
1340757900 0 0 0 0
1340757600 0 0 0 0
1340757300 0 0 0 0
1340757000 0 0 0 0
1340756700 0 0 0 0
1340756400 0 0 0 0
1340756100 0 0 0 0
1340755800 0 0 0 0
1340755500 0 0 0 0
1340755200 0 0 0 0
1340754900 0 0 0 0
1340754600 0 0 0 0
1340754300 0 0 0 0
1340754000 0 0 0 0
1340753700 0 0 0 0
1340753400 0 0 0 0
1340753100 0 0 0 0
1340752800 0 0 0 0
1340752500 0 0 0 0
1340752200 0 0 0 0
1340751900 0 0 0 0
1340751600 0 0 0 0
1340751300 0 0 0 0
1340751000 0 0 0 0
1340750700 0 0 0 0
1340750400 0 0 0 0
1340750100 0 0 0 0
1340749800 0 0 0 0
1340749500 0 0 0 0
1340749200 0 0 0 0
1340748900 0 0 0 0
1340748600 0 0 0 0
1340748300 0 0 0 0
1340748000 0 0 0 0
1340747700 0 0 0 0
1340747400 0 0 0 0
1340747100 0 0 0 0
1340746800 0 0 0 0
1340746500 0 0 0 0
1340746200 0 0 0 0
1340745900 0 0 0 0
1340745600 0 0 0 0
1340745300 0 0 0 0
1340745000 0 0 0 0
1340744700 0 0 0 0
1340744400 0 0 0 0
1340744100 0 0 0 0
1340743800 0 0 0 0
1340743500 0 0 0 0
1340743200 0 0 0 0
1340742900 0 0 0 0
1340742600 0 0 0 0
1340742300 0 0 0 0
1340742000 0 0 0 0
1340741700 0 0 0 0
1340741400 0 0 0 0
1340741100 0 0 0 0
1340740800 0 0 0 0
1340740500 0 0 0 0
1340740200 0 0 0 0
1340739900 0 0 0 0
1340739600 0 0 0 0
1340739300 0 0 0 0
1340739000 0 0 0 0
1340738700 0 0 0 0
1340738400 0 0 0 0
1340738100 0 0 0 0
1340737800 0 0 0 0
1340737500 0 0 0 0
1340737200 0 0 0 0
1340736900 0 0 0 0
1340736600 0 0 0 0
1340736300 0 0 0 0
1340736000 0 0 0 0
1340735700 0 0 0 0
1340735400 0 0 0 0
1340735100 0 0 0 0
1340734800 0 0 0 0
1340734500 0 0 0 0
1340734200 0 0 0 0
1340733900 0 0 0 0
1340733600 0 0 0 0
1340733300 0 0 0 0
1340733000 0 0 0 0
1340732700 0 0 0 0
1340732400 0 0 0 0
1340732100 0 0 0 0
1340731800 0 0 0 0
1340731500 0 0 0 0
1340731200 0 0 0 0
1340730900 0 0 0 0
1340730600 0 0 0 0
1340730300 0 0 0 0
1340730000 384679389 127944239 779755520 259346432
1340729700 781543792 257558159 783405056 259346432
1340729400 783413138 255688813 783421440 255696896
1340729100 779676303 259425648 783421440 263323648
1340728800 782688542 256413409 789880832 263323648
1340728500 791701476 247400475 793571328 249221120
1340728200 791207034 247894917 793571328 250355712
1340727900 788734115 250367836 788746240 250380288
1340727600 786848481 252253470 788721664 254177280
1340727300 764874342 274227609 784924672 295096320
1340727000 724908059 314193892 744005632 333807616
1340726700 602578944 436523008 705294336 539238400
1340726400 499863552 539238400 499863552 539238400
1340726100 499863552 539238400 499863552 539238400
1340725800 499863552 539238400 499863552 539238400
1340725500 499863552 539238400 499863552 539238400
1340725200 499863552 539238400 499863552 539238400
1340724900 499863552 539238400 499863552 539238400
1340724600 499863552 539238400 499863552 539238400
1340724300 499863552 539238400 499863552 539238400
1340724000 499863552 539238400 499863552 539238400
1340723700 499863552 539238400 499863552 539238400
1340723400 499863552 539238400 499863552 539238400
1340723100 660444610 378657341 808673280 539238400
1340722800 808013004 231088947 808673280 231698432
1340722500 807390740 231711211 807403520 231723008
1340722200 807061585 232040366 807378944 232333312
1340721900 806975242 232126709 807165952 232333312
1340721600 807223459 231878492 807276544 231936000
1340721300 807347281 231754670 807411712 231825408
1340721000 807407452 231694499 807411712 231698432
1340720700 807399232 231702719 807403520 231706624
1340720400 807188725 231913226 807395328 232103936
1340720100 807006590 232095361 807014400 232103936
1340719800 806820577 232281374 807014400 232460288
1340719500 806841016 232260935 807022592 232460288
1340719200 806894796 232207155 807022592 232325120
1340718900 806640517 232461434 806776832 232587264
1340718600 806448660 232653291 806514688 232714240
1340718300 806254810 232847141 806387712 232968192
1340718000 806071992 233029959 806133760 233086976
1340717700 805882920 233219031 806014976 233340928
1340717400 805827051 233274900 805888000 233340928
1340717100 805805465 233296486 805888000 233373696
1340716800 805671116 233430835 805728256 233484288
1340716500 805560524 233541427 805617664 233594880
1340716200 805293329 233808622 805507072 234008576
1340715900 805027771 234074180 805093376 234135552
1340715600 804314644 234787307 804966400 235388928
1340715300 803646996 235454955 803713024 235515904
1340715000 803729954 235371997 803864576 235515904
1340714700 803790506 235311445 803864576 235380736
1340714400 804102144 234999808 804458496 235380736
1340714100 803605640 235496311 804458496 236294144
1340713800 801755627 237346324 802807808 238317568
1340713500 800718779 238383172 800784384 238444544
1340713200 800325154 238776797 800657408 239087616
1340712900 800084172 239017779 800149504 239087616
1340712600 799881134 239220817 800149504 239468544
1340712300 799699012 239402939 799760384 239468544
1340712000 799292689 239809262 799760384 240246784
1340711700 798735892 240366059 798855168 240476160
1340711400 798481885 240620066 798625792 240754688
1340711100 798360043 240741908 798371840 240754688
1340710800 798503048 240598903 798625792 240730112
1340710500 799085021 240016930 799514624 240476160
1340710200 799300881 239801070 799514624 240001024
1340709900 799047680 240054272 799100928 240103424
1340709600 798937156 240164795 798998528 240222208
1340709300 798743429 240358522 798879744 240484352
1340709000 798355182 240746769 798617600 240992256
1340708700 797982720 241119232 798109696 241238016
1340708400 797535914 241566037 797863936 241872896
1340708100 797093614 242008337 797229056 242135040
1340707800 796900884 242201067 796966912 242262016
1340707500 796770099 242331852 796839936 242397184
1340707200 796647260 242454691 796704768 242507776
1340706900 796589943 242512008 796594176 242515968
1340706600 796722298 242379653 796848128 242515968
1340706300 796778291 242323660 796848128 242388992
1340706000 796712960 242388992 796712960 242388992
1340705700 796520379 242581572 796712960 242761728
1340705400 796274619 242827332 796340224 242888704
1340705100 796344456 242757495 796467200 242888704
1340704800 795663018 243438933 796467200 244191232
1340704500 794857813 244244138 794910720 244293632
1340704200 794668646 244433305 794808320 244563968
1340703900 794212106 244889845 794537984 245190656
1340703600 794050969 245050982 794181632 245190656
1340703300 794181632 244920320 794181632 244920320
1340703000 794046190 245055761 794181632 245182464
1340702700 793857720 245244231 793919488 245301248
1340702400 793665262 245436689 793800704 245563392
1340702100 793674874 245427077 793800704 245563392
1340701800 793796471 245305480 793800704 245309440
1340701500 793599931 245502020 793792512 245682176
1340701200 793877708 245224243 794300416 245682176
1340700900 794234811 244867140 794300416 244928512
1340700600 794041384 245060567 794173440 245182464
1340700300 793858116 245243835 793919488 245301248
1340700000 793665262 245436689 793800704 245563392
1340699700 792685704 246416247 793538560 247214080
1340699400 791590711 247511239 792023040 247975936
1340697600 791041562 248060388 792379392 249110528
1340695800 788941134 250160817 790110208 250904576
1340694000 492601703 197823815 788197376 417271808
1340692200 0 0 0 0
1340690400 0 0 0 0
1340688600 510704232 226480873 755089408 350613504
1340686800 146046320 189503626 699170816 355794944
1340685000 0 0 0 0
1340683200 0 0 0 0
1340681400 0 0 0 0
1340679600 0 0 0 0
1340677800 0 0 0 0
1340676000 0 0 0 0
1340674200 0 0 0 0
1340672400 0 0 0 0
1340670600 0 0 0 0
1340668800 0 0 0 0
1340667000 0 0 0 0
1340665200 0 0 0 0
1340663400 0 0 0 0
1340661600 0 0 0 0
1340659800 0 0 0 0
1340658000 0 0 0 0
1340656200 0 0 0 0
1340654400 0 0 0 0
1340652600 0 16167712 0 117346304
1340650800 0 118068740 0 118378496
1340649000 0 119294126 0 119910400
1340647200 0 120390733 0 121171968
1340645400 0 122071464 0 124100608
1340643600 0 124091689 0 124608512
1340641800 0 124041019 0 124354560
1340640000 0 125260430 0 126386176
1340638200 0 125552764 0 126648320
1340636400 0 124619971 0 126259200
1340634600 0 123247478 0 126124032
1340632800 0 128277323 0 130387968
1340631000 0 131035315 0 132165632
1340629200 0 286524837 0 414285824
1340627400 0 11095970 0 376844288
1340625600 0 0 0 0
1340623800 0 0 0 0
1340622000 0 0 0 0
1340620200 0 0 0 0
1340618400 0 0 0 0
1340616600 0 0 0 0
1340614800 0 0 0 0
1340613000 0 0 0 0
1340611200 0 0 0 0
1340609400 0 0 0 0
1340607600 0 0 0 0
1340605800 0 0 0 0
1340604000 0 0 0 0
1340602200 0 0 0 0
1340600400 0 0 0 0
1340598600 0 0 0 0
1340596800 0 0 0 0
1340595000 0 0 0 0
1340593200 0 0 0 0
1340591400 0 0 0 0
1340589600 0 0 0 0
1340587800 0 0 0 0
1340586000 0 0 0 0
1340584200 0 0 0 0
1340582400 0 0 0 0
1340580600 0 0 0 0
1340578800 0 0 0 0
1340577000 0 0 0 0
1340575200 0 0 0 0
1340573400 0 0 0 0
1340571600 0 0 0 0
1340569800 0 0 0 0
1340568000 0 0 0 0
1340566200 0 0 0 0
1340564400 0 0 0 0
1340562600 0 0 0 0
1340560800 0 0 0 0
1340559000 0 0 0 0
1340557200 0 0 0 0
1340555400 0 0 0 0
1340553600 0 0 0 0
1340551800 0 0 0 0
1340550000 0 0 0 0
1340548200 0 0 0 0
1340546400 0 0 0 0
1340544600 0 0 0 0
1340542800 0 0 0 0
1340541000 0 0 0 0
1340539200 0 0 0 0
1340537400 0 0 0 0
1340535600 0 0 0 0
1340533800 0 0 0 0
1340532000 0 0 0 0
1340530200 0 0 0 0
1340528400 0 0 0 0
1340526600 0 0 0 0
1340524800 0 0 0 0
1340523000 0 0 0 0
1340521200 0 0 0 0
1340519400 0 0 0 0
1340517600 0 0 0 0
1340515800 0 0 0 0
1340514000 0 0 0 0
1340512200 0 0 0 0
1340510400 0 0 0 0
1340508600 0 0 0 0
1340506800 0 0 0 0
1340505000 0 0 0 0
1340503200 0 0 0 0
1340501400 0 0 0 0
1340499600 0 0 0 0
1340497800 0 0 0 0
1340496000 0 0 0 0
1340494200 0 0 0 0
1340492400 0 0 0 0
1340490600 0 0 0 0
1340488800 0 0 0 0
1340487000 0 0 0 0
1340485200 0 0 0 0
1340483400 0 0 0 0
1340481600 0 0 0 0
1340479800 0 0 0 0
1340478000 0 0 0 0
1340476200 0 0 0 0
1340474400 0 0 0 0
1340472600 0 0 0 0
1340470800 0 0 0 0
1340469000 0 0 0 0
1340467200 0 0 0 0
1340465400 0 0 0 0
1340463600 0 0 0 0
1340461800 0 0 0 0
1340460000 0 0 0 0
1340458200 0 0 0 0
1340456400 0 0 0 0
1340454600 0 0 0 0
1340452800 0 0 0 0
1340451000 0 0 0 0
1340449200 0 0 0 0
1340447400 0 0 0 0
1340445600 0 0 0 0
1340443800 0 0 0 0
1340442000 0 0 0 0
1340440200 0 0 0 0
1340438400 0 0 0 0
1340436600 0 0 0 0
1340434800 0 0 0 0
1340433000 0 0 0 0
1340431200 0 0 0 0
1340429400 0 0 0 0
1340427600 0 0 0 0
1340425800 0 0 0 0
1340424000 0 0 0 0
1340422200 0 0 0 0
1340420400 0 0 0 0
1340418600 0 0 0 0
1340416800 0 0 0 0
1340415000 0 0 0 0
1340413200 0 0 0 0
1340411400 0 0 0 0
1340409600 0 0 0 0
1340407800 0 0 0 0
1340406000 0 0 0 0
1340404200 0 0 0 0
1340402400 0 0 0 0
1340400600 0 0 0 0
1340398800 0 0 0 0
1340397000 0 0 0 0
1340395200 0 0 0 0
1340393400 0 0 0 0
1340391600 0 0 0 0
1340389800 0 0 0 0
1340388000 0 0 0 0
1340386200 0 0 0 0
1340384400 0 345995150 0 373444608
1340382600 0 215383112 0 380375040
1340380800 0 0 0 0
1340379000 0 30179896 0 405401600
1340377200 0 240372139 0 405401600
1340375400 0 234203199 0 238690304
1340373600 0 244716887 0 259190784
1340371800 0 259635773 0 262365184
1340370000 0 260106717 0 262365184
1340368200 0 260518092 0 261603328
1340366400 0 258224130 0 259436544
1340364600 0 260206577 0 260755456
1340362800 0 261195115 0 261652480
1340361000 0 262616118 0 263938048
1340359200 0 263383283 0 264192000
1340357400 0 264253564 0 265461760
1340355600 0 277520615 0 333303808
1340353800 0 354069954 0 354750464
1340352000 0 355431435 0 355876864
1340350200 0 356860938 0 357273600
1340348400 473632806 439428036 581808128 458428416
1340346600 10343255 8129667 581808128 457293824
1340344800 0 0 0 0
1340343000 0 0 0 0
1340341200 0 0 0 0
1340339400 0 0 0 0
1340337600 0 0 0 0
1340335800 0 0 0 0
1340334000 0 0 0 0
1340332200 0 0 0 0
1340330400 0 0 0 0
1340328600 0 0 0 0
1340326800 0 0 0 0
1340325000 0 0 0 0
1340323200 0 4645756 0 149327872
1340321400 0 37719135 0 166141952
1340319600 0 0 0 0
1340317800 0 0 0 0
1340316000 0 0 0 0
1340314200 0 0 0 0
1340312400 0 0 0 0
1340310600 0 0 0 0
1340308800 0 0 0 0
1340307000 0 0 0 0
1340305200 0 0 0 0
1340303400 0 0 0 0
1340301600 0 0 0 0
1340299800 0 0 0 0
1340298000 0 0 0 0
1340296200 0 0 0 0
1340294400 0 0 0 0
1340292600 0 0 0 0
1340290800 0 0 0 0
1340289000 0 0 0 0
1340287200 0 0 0 0
1340285400 0 0 0 0
1340283600 0 0 0 0
1340281800 0 0 0 0
1340280000 0 0 0 0
1340278200 0 0 0 0
1340276400 0 0 0 0
1340274600 0 0 0 0
1340272800 0 0 0 0
1340271000 0 0 0 0
1340269200 0 0 0 0
1340267400 0 0 0 0
1340265600 0 0 0 0
1340263800 0 0 0 0
1340262000 0 0 0 0
1340260200 0 0 0 0
1340258400 0 0 0 0
1340256600 0 0 0 0
1340254800 0 0 0 0
1340253000 0 0 0 0
1340251200 0 0 0 0
1340249400 0 0 0 0
1340247600 0 0 0 0
1340245800 0 0 0 0
1340244000 0 0 0 0
1340242200 0 0 0 0
1340240400 0 0 0 0
1340238600 0 0 0 0
1340236800 0 0 0 0
1340235000 0 0 0 0
1340233200 0 0 0 0
1340231400 0 0 0 0
1340229600 0 0 0 0
1340227800 0 0 0 0
1340226000 0 0 0 0
1340224200 0 0 0 0
1340222400 0 0 0 0
1340220600 0 0 0 0
1340218800 0 0 0 0
1340217000 0 0 0 0
1340215200 0 0 0 0
1340213400 0 0 0 0
1340211600 0 0 0 0
1340209800 0 0 0 0
1340208000 0 0 0 0
1340206200 0 0 0 0
1340204400 0 0 0 0
1340202600 0 0 0 0
1340200800 0 0 0 0
1340199000 0 0 0 0
1340197200 0 0 0 0
1340195400 0 0 0 0
1340193600 0 0 0 0
1340191800 0 0 0 0
1340190000 0 0 0 0
1340188200 0 0 0 0
1340186400 0 0 0 0
1340184600 0 0 0 0
1340182800 0 0 0 0
1340181000 0 0 0 0
1340179200 0 0 0 0
1340177400 0 0 0 0
1340175600 0 0 0 0
1340173800 0 0 0 0
1340172000 0 0 0 0
1340170200 0 0 0 0
1340168400 0 0 0 0
1340166600 0 0 0 0
1340164800 0 0 0 0
1340163000 0 0 0 0
1340161200 0 0 0 0
1340159400 0 0 0 0
1340157600 0 0 0 0
1340155800 0 0 0 0
1340154000 0 0 0 0
1340152200 0 0 0 0
1340150400 0 0 0 0
1340148600 0 0 0 0
1340146800 0 0 0 0
1340145000 0 0 0 0
1340143200 0 0 0 0
1340141400 0 0 0 0
1340139600 0 0 0 0
1340137800 0 0 0 0
1340136000 0 0 0 0
1340134200 0 0 0 0
1340132400 0 0 0 0
1340130600 0 0 0 0
1340128800 0 0 0 0
1340127000 0 0 0 0
1340125200 0 0 0 0
1340123400 0 0 0 0
1340121600 0 0 0 0
1340119800 0 0 0 0
1340118000 0 0 0 0
1340116200 0 0 0 0
1340114400 0 0 0 0
1340112600 0 0 0 0
1340110800 0 0 0 0
1340109000 0 0 0 0
1340107200 0 0 0 0
1340105400 0 0 0 0
1340103600 0 0 0 0
1340101800 0 0 0 0
1340100000 0 0 0 0
1340098200 0 0 0 0
1340096400 0 0 0 0
1340094600 0 0 0 0
1340092800 0 0 0 0
1340091000 0 0 0 0
1340089200 0 0 0 0
1340087400 0 0 0 0
1340085600 0 0 0 0
1340083800 0 0 0 0
1340082000 0 0 0 0
1340080200 0 0 0 0
1340078400 0 0 0 0
1340076600 0 0 0 0
1340074800 0 0 0 0
1340073000 0 0 0 0
1340071200 0 0 0 0
1340069400 0 0 0 0
1340067600 0 0 0 0
1340065800 0 0 0 0
1340064000 0 0 0 0
1340062200 0 0 0 0
1340060400 0 0 0 0
1340058600 0 0 0 0
1340056800 0 0 0 0
1340055000 0 0 0 0
1340053200 0 0 0 0
1340051400 0 0 0 0
1340049600 0 0 0 0
1340047800 0 0 0 0
1340046000 0 0 0 0
1340044200 0 0 0 0
1340042400 0 0 0 0
1340040600 0 0 0 0
1340038800 0 0 0 0
1340037000 0 0 0 0
1340035200 0 0 0 0
1340033400 0 0 0 0
1340031600 0 0 0 0
1340029800 0 0 0 0
1340028000 0 0 0 0
1340026200 0 0 0 0
1340024400 0 0 0 0
1340022600 0 0 0 0
1340020800 0 0 0 0
1340019000 0 0 0 0
1340017200 0 0 0 0
1340015400 0 0 0 0
1340013600 0 0 0 0
1340011800 0 0 0 0
1340010000 0 0 0 0
1340008200 0 0 0 0
1340006400 0 0 0 0
1340004600 0 0 0 0
1340002800 0 0 0 0
1340001000 0 0 0 0
1339999200 0 0 0 0
1339997400 0 0 0 0
1339995600 0 0 0 0
1339993800 0 0 0 0
1339992000 0 0 0 0
1339990200 0 0 0 0
1339988400 0 0 0 0
1339986600 0 0 0 0
1339984800 0 0 0 0
1339983000 0 0 0 0
1339981200 0 0 0 0
1339979400 0 0 0 0
1339977600 0 0 0 0
1339975800 0 0 0 0
1339974000 0 0 0 0
1339972200 0 0 0 0
1339970400 0 0 0 0
1339968600 0 0 0 0
1339966800 0 0 0 0
1339965000 0 0 0 0
1339963200 0 0 0 0
1339961400 0 0 0 0
1339959600 0 0 0 0
1339957800 0 0 0 0
1339956000 0 0 0 0
1339954200 0 0 0 0
1339952400 0 0 0 0
1339950600 0 0 0 0
1339948800 0 0 0 0
1339947000 0 0 0 0
1339945200 0 0 0 0
1339943400 0 0 0 0
1339941600 0 0 0 0
1339939800 0 0 0 0
1339938000 0 0 0 0
1339936200 0 0 0 0
1339934400 0 0 0 0
1339932600 0 0 0 0
1339930800 0 0 0 0
1339929000 0 0 0 0
1339927200 0 0 0 0
1339925400 0 0 0 0
1339923600 0 0 0 0
1339921800 0 0 0 0
1339920000 0 0 0 0
1339918200 0 0 0 0
1339916400 0 0 0 0
1339914600 0 0 0 0
1339912800 0 0 0 0
1339911000 0 0 0 0
1339909200 0 0 0 0
1339907400 0 0 0 0
1339905600 0 0 0 0
1339903800 0 0 0 0
1339902000 0 0 0 0
1339900200 0 0 0 0
1339898400 0 0 0 0
1339896600 0 0 0 0
1339894800 0 0 0 0
1339893000 0 0 0 0
1339891200 0 0 0 0
1339889400 0 0 0 0
1339887600 0 0 0 0
1339885800 0 0 0 0
1339884000 0 0 0 0
1339882200 0 0 0 0
1339880400 0 0 0 0
1339878600 0 0 0 0
1339876800 0 0 0 0
1339875000 0 0 0 0
1339873200 0 0 0 0
1339871400 0 0 0 0
1339869600 0 0 0 0
1339867800 0 0 0 0
1339866000 0 0 0 0
1339864200 0 0 0 0
1339862400 0 0 0 0
1339860600 0 0 0 0
1339858800 0 0 0 0
1339857000 0 0 0 0
1339855200 0 0 0 0
1339853400 0 0 0 0
1339851600 0 0 0 0
1339849800 0 0 0 0
1339848000 0 0 0 0
1339846200 0 0 0 0
1339844400 0 0 0 0
1339842600 0 0 0 0
1339840800 0 0 0 0
1339839000 0 0 0 0
1339837200 0 0 0 0
1339835400 0 0 0 0
1339833600 0 0 0 0
1339831800 0 0 0 0
1339830000 0 0 0 0
1339828200 0 0 0 0
1339826400 0 0 0 0
1339824600 0 0 0 0
1339822800 0 0 0 0
1339821000 0 0 0 0
1339819200 0 0 0 0
1339817400 0 0 0 0
1339815600 0 0 0 0
1339813800 0 0 0 0
1339812000 0 0 0 0
1339810200 0 0 0 0
1339808400 0 0 0 0
1339806600 0 0 0 0
1339804800 0 0 0 0
1339803000 0 0 0 0
1339801200 0 0 0 0
1339799400 0 0 0 0
1339797600 0 0 0 0
1339795800 0 0 0 0
1339794000 0 0 0 0
1339792200 0 0 0 0
1339790400 0 0 0 0
1339788600 0 0 0 0
1339786800 0 0 0 0
1339785000 0 0 0 0
1339783200 0 0 0 0
1339781400 0 0 0 0
1339779600 0 0 0 0
1339777800 0 0 0 0
1339776000 0 0 0 0
1339774200 0 0 0 0
1339772400 0 0 0 0
1339770600 0 0 0 0
1339768800 0 0 0 0
1339767000 0 0 0 0
1339765200 0 0 0 0
1339763400 0 0 0 0
1339761600 0 0 0 0
1339759800 0 0 0 0
1339758000 0 0 0 0
1339756200 0 0 0 0
1339754400 0 0 0 0
1339752600 0 0 0 0
1339750800 0 0 0 0
1339749000 0 0 0 0
1339747200 0 0 0 0
1339745400 0 0 0 0
1339743600 0 0 0 0
1339741800 0 0 0 0
1339740000 0 0 0 0
1339738200 0 0 0 0
1339736400 0 0 0 0
1339734600 0 0 0 0
1339732800 0 0 0 0
1339731000 0 0 0 0
1339729200 0 0 0 0
1339727400 0 0 0 0
1339725600 0 0 0 0
1339723800 0 0 0 0
1339722000 0 0 0 0
1339720200 0 0 0 0
1339718400 0 0 0 0
1339716600 0 0 0 0
1339714800 0 0 0 0
1339713000 0 0 0 0
1339711200 0 0 0 0
1339709400 0 0 0 0
1339707600 0 0 0 0
1339705800 0 0 0 0
1339704000 0 0 0 0
1339702200 0 0 0 0
1339700400 0 0 0 0
1339698600 0 0 0 0
1339696800 0 0 0 0
1339695000 0 0 0 0
1339693200 0 0 0 0
1339691400 0 0 0 0
1339689600 0 0 0 0
1339687800 0 0 0 0
1339686000 0 0 0 0
1339684200 0 0 0 0
1339682400 0 0 0 0
1339680600 0 0 0 0
1339678800 0 0 0 0
1339677000 0 0 0 0
1339675200 0 0 0 0
1339673400 0 0 0 0
1339671600 0 0 0 0
1339669800 0 0 0 0
1339668000 0 0 0 0
1339666200 0 0 0 0
1339664400 0 0 0 0
1339662600 0 0 0 0
1339660800 0 0 0 0
1339659000 0 0 0 0
1339657200 0 0 0 0
1339655400 0 0 0 0
1339653600 0 0 0 0
1339651800 0 0 0 0
1339650000 0 0 0 0
1339648200 0 0 0 0
1339646400 0 0 0 0
1339644600 0 0 0 0
1339642800 0 0 0 0
1339641000 0 0 0 0
1339639200 0 0 0 0
1339637400 0 0 0 0
1339635600 0 0 0 0
1339633800 0 0 0 0
1339632000 0 0 0 0
1339630200 0 0 0 0
1339628400 0 0 0 0
1339626600 0 0 0 0
1339624800 0 0 0 0
1339623000 0 0 0 0
1339621200 0 0 0 0
1339619400 0 0 0 0
1339617600 0 0 0 0
1339610400 0 0 0 0
1339603200 0 0 0 0
1339596000 0 0 0 0
1339588800 0 0 0 0
1339581600 0 0 0 0
1339574400 0 0 0 0
1339567200 0 0 0 0
1339560000 0 0 0 0
1339552800 0 0 0 0
1339545600 0 0 0 0
1339538400 0 0 0 0
1339531200 0 0 0 0
1339524000 0 0 0 0
1339516800 0 0 0 0
1339509600 0 0 0 0
1339502400 0 0 0 0
1339495200 0 0 0 0
1339488000 0 0 0 0
1339480800 0 0 0 0
1339473600 0 0 0 0
1339466400 0 0 0 0
1339459200 0 0 0 0
1339452000 0 0 0 0
1339444800 0 0 0 0
1339437600 0 0 0 0
1339430400 0 0 0 0
1339423200 0 0 0 0
1339416000 0 0 0 0
1339408800 0 0 0 0
1339401600 0 0 0 0
1339394400 0 0 0 0
1339387200 0 0 0 0
1339380000 0 0 0 0
1339372800 0 0 0 0
1339365600 0 0 0 0
1339358400 0 0 0 0
1339351200 0 0 0 0
1339344000 0 0 0 0
1339336800 0 0 0 0
1339329600 0 0 0 0
1339322400 0 0 0 0
1339315200 0 0 0 0
1339308000 0 0 0 0
1339300800 0 0 0 0
1339293600 0 0 0 0
1339286400 0 0 0 0
1339279200 0 0 0 0
1339272000 0 0 0 0
1339264800 0 0 0 0
1339257600 0 0 0 0
1339250400 0 0 0 0
1339243200 0 0 0 0
1339236000 0 0 0 0
1339228800 0 0 0 0
1339221600 0 0 0 0
1339214400 0 0 0 0
1339207200 0 0 0 0
1339200000 0 0 0 0
1339192800 0 0 0 0
1339185600 0 0 0 0
1339178400 0 0 0 0
1339171200 0 0 0 0
1339164000 0 0 0 0
1339156800 0 0 0 0
1339149600 0 0 0 0
1339142400 0 0 0 0
1339135200 0 0 0 0
1339128000 0 0 0 0
1339120800 0 0 0 0
1339113600 0 0 0 0
1339106400 0 0 0 0
1339099200 0 0 0 0
1339092000 0 0 0 0
1339084800 0 0 0 0
1339077600 0 0 0 0
1339070400 0 0 0 0
1339063200 0 0 0 0
1339056000 0 0 0 0
1339048800 0 0 0 0
1339041600 0 0 0 0
1339034400 0 0 0 0
1339027200 0 0 0 0
1339020000 0 0 0 0
1339012800 0 0 0 0
1339005600 0 0 0 0
1338998400 0 0 0 0
1338991200 0 0 0 0
1338984000 0 0 0 0
1338976800 0 0 0 0
1338969600 0 0 0 0
1338962400 0 0 0 0
1338955200 0 0 0 0
1338948000 0 0 0 0
1338940800 0 0 0 0
1338933600 0 0 0 0
1338926400 0 0 0 0
1338919200 0 0 0 0
1338912000 0 0 0 0
1338904800 0 0 0 0
1338897600 0 0 0 0
1338890400 0 0 0 0
1338883200 0 0 0 0
1338876000 0 0 0 0
1338868800 0 0 0 0
1338861600 0 0 0 0
1338854400 0 0 0 0
1338847200 0 0 0 0
1338840000 0 0 0 0
1338832800 0 0 0 0
1338825600 0 0 0 0
1338818400 0 0 0 0
1338811200 0 0 0 0
1338804000 0 0 0 0
1338796800 0 0 0 0
1338789600 0 0 0 0
1338782400 0 0 0 0
1338775200 0 0 0 0
1338768000 0 0 0 0
1338760800 0 0 0 0
1338753600 0 0 0 0
1338746400 0 0 0 0
1338739200 0 0 0 0
1338732000 0 0 0 0
1338724800 0 0 0 0
1338717600 0 0 0 0
1338710400 0 0 0 0
1338703200 0 0 0 0
1338696000 0 0 0 0
1338688800 0 0 0 0
1338681600 0 0 0 0
1338674400 0 0 0 0
1338667200 0 0 0 0
1338660000 0 0 0 0
1338652800 0 0 0 0
1338645600 0 0 0 0
1338638400 0 0 0 0
1338631200 0 0 0 0
1338624000 0 0 0 0
1338616800 0 0 0 0
1338609600 0 0 0 0
1338602400 0 0 0 0
1338595200 0 0 0 0
1338588000 0 0 0 0
1338580800 0 0 0 0
1338573600 0 0 0 0
1338566400 0 0 0 0
1338559200 0 0 0 0
1338552000 0 0 0 0
1338544800 0 0 0 0
1338537600 0 0 0 0
1338530400 0 0 0 0
1338523200 0 0 0 0
1338516000 0 0 0 0
1338508800 0 0 0 0
1338501600 0 0 0 0
1338494400 0 0 0 0
1338487200 0 0 0 0
1338480000 0 0 0 0
1338472800 0 0 0 0
1338465600 0 0 0 0
1338458400 0 0 0 0
1338451200 0 0 0 0
1338444000 0 0 0 0
1338436800 0 0 0 0
1338429600 0 0 0 0
1338422400 0 0 0 0
1338415200 0 0 0 0
1338408000 0 0 0 0
1338400800 0 0 0 0
1338393600 0 0 0 0
1338386400 0 0 0 0
1338379200 0 0 0 0
1338372000 0 0 0 0
1338364800 0 0 0 0
1338357600 0 0 0 0
1338350400 0 0 0 0
1338343200 0 0 0 0
1338336000 0 0 0 0
1338328800 0 0 0 0
1338321600 0 0 0 0
1338314400 0 0 0 0
1338307200 0 0 0 0
1338300000 0 0 0 0
1338292800 0 0 0 0
1338285600 0 0 0 0
1338278400 0 0 0 0
1338271200 0 0 0 0
1338264000 0 0 0 0
1338256800 0 0 0 0
1338249600 0 0 0 0
1338242400 0 0 0 0
1338235200 0 0 0 0
1338228000 0 0 0 0
1338220800 0 0 0 0
1338213600 0 0 0 0
1338206400 0 0 0 0
1338199200 0 0 0 0
1338192000 0 0 0 0
1338184800 0 0 0 0
1338177600 0 0 0 0
1338170400 0 0 0 0
1338163200 0 0 0 0
1338156000 0 0 0 0
1338148800 0 0 0 0
1338141600 0 0 0 0
1338134400 0 0 0 0
1338127200 0 0 0 0
1338120000 0 0 0 0
1338112800 0 0 0 0
1338105600 0 0 0 0
1338098400 0 0 0 0
1338091200 0 0 0 0
1338084000 0 0 0 0
1338076800 0 0 0 0
1338069600 0 0 0 0
1338062400 0 0 0 0
1338055200 0 0 0 0
1338048000 0 0 0 0
1338040800 0 0 0 0
1338033600 0 0 0 0
1338026400 0 0 0 0
1338019200 0 0 0 0
1338012000 0 0 0 0
1338004800 0 0 0 0
1337997600 0 0 0 0
1337990400 0 0 0 0
1337983200 0 0 0 0
1337976000 0 0 0 0
1337968800 0 0 0 0
1337961600 0 0 0 0
1337954400 0 0 0 0
1337947200 0 0 0 0
1337940000 0 0 0 0
1337932800 0 0 0 0
1337925600 0 0 0 0
1337918400 0 0 0 0
1337911200 0 0 0 0
1337904000 0 0 0 0
1337896800 0 0 0 0
1337889600 0 0 0 0
1337882400 0 0 0 0
1337875200 0 0 0 0
1337868000 0 0 0 0
1337860800 0 0 0 0
1337853600 0 0 0 0
1337846400 0 0 0 0
1337839200 0 0 0 0
1337832000 0 0 0 0
1337824800 0 0 0 0
1337817600 0 0 0 0
1337810400 0 0 0 0
1337803200 0 0 0 0
1337796000 0 0 0 0
1337788800 0 0 0 0
1337781600 0 0 0 0
1337774400 0 0 0 0
1337767200 0 0 0 0
1337760000 0 0 0 0
1337752800 0 0 0 0
1337745600 0 0 0 0
1337738400 0 0 0 0
1337731200 0 0 0 0
1337724000 0 0 0 0
1337716800 0 0 0 0
1337709600 0 0 0 0
1337702400 0 0 0 0
1337695200 0 0 0 0
1337688000 0 0 0 0
1337680800 0 0 0 0
1337673600 0 0 0 0
1337666400 0 0 0 0
1337659200 0 0 0 0
1337652000 0 0 0 0
1337644800 0 0 0 0
1337637600 0 0 0 0
1337630400 0 0 0 0
1337623200 0 0 0 0
1337616000 0 0 0 0
1337608800 0 0 0 0
1337601600 0 0 0 0
1337594400 0 0 0 0
1337587200 0 0 0 0
1337580000 0 0 0 0
1337572800 0 0 0 0
1337565600 0 0 0 0
1337558400 0 0 0 0
1337551200 0 0 0 0
1337544000 0 0 0 0
1337536800 0 0 0 0
1337529600 0 0 0 0
1337522400 0 0 0 0
1337515200 0 0 0 0
1337508000 0 0 0 0
1337500800 0 0 0 0
1337493600 0 0 0 0
1337486400 0 0 0 0
1337479200 0 0 0 0
1337472000 0 0 0 0
1337464800 0 0 0 0
1337457600 0 0 0 0
1337450400 0 0 0 0
1337443200 0 0 0 0
1337436000 0 0 0 0
1337428800 0 0 0 0
1337421600 0 0 0 0
1337414400 0 0 0 0
1337407200 0 0 0 0
1337400000 0 0 0 0
1337392800 0 0 0 0
1337385600 0 0 0 0
1337378400 0 0 0 0
1337371200 0 0 0 0
1337364000 0 0 0 0
1337356800 0 0 0 0
1337349600 0 0 0 0
1337342400 0 0 0 0
1337335200 0 0 0 0
1337328000 0 0 0 0
1337320800 0 0 0 0
1337313600 0 0 0 0
1337306400 0 0 0 0
1337299200 0 0 0 0
1337292000 0 0 0 0
1337284800 0 0 0 0
1337277600 0 0 0 0
1337270400 0 0 0 0
1337263200 0 0 0 0
1337256000 0 0 0 0
1337248800 0 0 0 0
1337241600 0 0 0 0
1337234400 0 0 0 0
1337227200 0 0 0 0
1337220000 0 0 0 0
1337212800 0 0 0 0
1337205600 0 0 0 0
1337198400 0 0 0 0
1337191200 0 0 0 0
1337184000 0 0 0 0
1337176800 0 0 0 0
1337169600 0 0 0 0
1337162400 0 0 0 0
1337155200 0 0 0 0
1337148000 0 0 0 0
1337140800 0 0 0 0
1337133600 0 0 0 0
1337126400 0 0 0 0
1337119200 0 0 0 0
1337112000 0 0 0 0
1337104800 0 0 0 0
1337097600 0 0 0 0
1337090400 0 0 0 0
1337083200 0 0 0 0
1337076000 0 0 0 0
1337068800 0 0 0 0
1337061600 0 0 0 0
1337054400 0 0 0 0
1337047200 0 0 0 0
1337040000 0 0 0 0
1337032800 0 0 0 0
1337025600 0 0 0 0
1337018400 0 0 0 0
1337011200 0 0 0 0
1337004000 0 0 0 0
1336996800 0 0 0 0
1336989600 0 0 0 0
1336982400 0 0 0 0
1336975200 0 0 0 0
1336968000 0 0 0 0
1336960800 0 0 0 0
1336953600 0 0 0 0
1336946400 0 0 0 0
1336939200 0 0 0 0
1336932000 0 0 0 0
1336924800 0 0 0 0
1336917600 0 0 0 0
1336910400 0 0 0 0
1336903200 0 0 0 0
1336896000 0 0 0 0
1336888800 0 0 0 0
1336881600 0 0 0 0
1336874400 0 0 0 0
1336867200 0 0 0 0
1336860000 0 0 0 0
1336852800 0 0 0 0
1336845600 0 0 0 0
1336838400 0 0 0 0
1336831200 0 0 0 0
1336824000 0 0 0 0
1336816800 0 0 0 0
1336809600 0 0 0 0
1336802400 0 0 0 0
1336795200 0 0 0 0
1336788000 0 0 0 0
1336780800 0 0 0 0
1336773600 0 0 0 0
1336766400 0 0 0 0
1336759200 0 0 0 0
1336752000 0 0 0 0
1336744800 0 0 0 0
1336737600 0 0 0 0
1336730400 0 0 0 0
1336723200 0 0 0 0
1336716000 0 0 0 0
1336708800 0 0 0 0
1336701600 0 0 0 0
1336694400 0 0 0 0
1336687200 0 0 0 0
1336680000 0 0 0 0
1336672800 0 0 0 0
1336665600 0 0 0 0
1336658400 0 0 0 0
1336651200 0 0 0 0
1336644000 0 0 0 0
1336636800 0 0 0 0
1336629600 0 0 0 0
1336622400 0 0 0 0
1336615200 0 0 0 0
1336608000 0 0 0 0
1336600800 0 0 0 0
1336593600 0 0 0 0
1336586400 0 0 0 0
1336579200 0 0 0 0
1336572000 0 0 0 0
1336564800 0 0 0 0
1336557600 0 0 0 0
1336550400 0 0 0 0
1336543200 0 0 0 0
1336536000 0 0 0 0
1336528800 0 0 0 0
1336521600 0 0 0 0
1336514400 0 0 0 0
1336507200 0 0 0 0
1336500000 0 0 0 0
1336492800 0 0 0 0
1336485600 0 0 0 0
1336478400 0 0 0 0
1336471200 0 0 0 0
1336464000 0 0 0 0
1336456800 0 0 0 0
1336449600 0 0 0 0
1336442400 0 0 0 0
1336435200 0 0 0 0
1336428000 0 0 0 0
1336420800 0 0 0 0
1336413600 0 0 0 0
1336406400 0 0 0 0
1336399200 0 0 0 0
1336392000 0 0 0 0
1336384800 0 0 0 0
1336377600 0 0 0 0
1336370400 0 0 0 0
1336363200 0 0 0 0
1336356000 0 0 0 0
1336348800 0 0 0 0
1336341600 0 0 0 0
1336334400 0 0 0 0
1336327200 0 0 0 0
1336320000 0 0 0 0
1336312800 0 0 0 0
1336305600 0 0 0 0
1336298400 0 0 0 0
1336291200 0 0 0 0
1336284000 0 0 0 0
1336276800 0 0 0 0
1336269600 0 0 0 0
1336262400 0 0 0 0
1336255200 0 0 0 0
1336248000 0 0 0 0
1336240800 0 0 0 0
1336233600 0 0 0 0
1336226400 0 0 0 0
1336219200 0 0 0 0
1336212000 0 0 0 0
1336204800 0 0 0 0
1336197600 0 0 0 0
1336190400 0 0 0 0
1336183200 0 0 0 0
1336176000 0 0 0 0
1336168800 0 0 0 0
1336161600 0 0 0 0
1336154400 0 0 0 0
1336147200 0 0 0 0
1336140000 0 0 0 0
1336132800 0 0 0 0
1336125600 0 0 0 0
1336118400 0 0 0 0
1336111200 0 0 0 0
1336104000 0 0 0 0
1336096800 0 0 0 0
1336089600 0 0 0 0
1336082400 0 0 0 0
1336075200 0 0 0 0
1336068000 0 0 0 0
1336060800 0 0 0 0
1336053600 0 0 0 0
1336046400 0 0 0 0
1336039200 0 0 0 0
1336032000 0 0 0 0
1336024800 0 0 0 0
1336017600 0 0 0 0
1336010400 0 0 0 0
1336003200 0 0 0 0
1335996000 0 0 0 0
1335988800 0 0 0 0
1335981600 0 0 0 0
1335974400 0 0 0 0
1335967200 0 0 0 0
1335960000 0 0 0 0
1335952800 0 0 0 0
1335945600 0 0 0 0
1335938400 0 0 0 0
1335931200 0 0 0 0
1335924000 0 0 0 0
1335916800 0 0 0 0
1335909600 0 0 0 0
1335902400 0 0 0 0
1335895200 0 0 0 0
1335888000 0 0 0 0
1335880800 0 0 0 0
1335873600 0 0 0 0
1335866400 0 0 0 0
1335859200 0 0 0 0
1335852000 0 0 0 0
1335844800 0 0 0 0
1335837600 0 0 0 0
1335830400 0 0 0 0
1335823200 0 0 0 0
1335816000 0 0 0 0
1335808800 0 0 0 0
1335801600 0 0 0 0
1335794400 0 0 0 0
1335787200 0 0 0 0
1335780000 0 0 0 0
1335772800 0 0 0 0
1335765600 0 0 0 0
1335758400 0 0 0 0
1335751200 0 0 0 0
1335744000 0 0 0 0
1335736800 0 0 0 0
1335729600 0 0 0 0
1335722400 0 0 0 0
1335715200 0 0 0 0
1335708000 0 0 0 0
1335700800 0 0 0 0
1335693600 0 0 0 0
1335686400 0 0 0 0
1335679200 0 0 0 0
1335672000 0 0 0 0
1335664800 0 0 0 0
1335657600 0 0 0 0
1335650400 0 0 0 0
1335643200 0 0 0 0
1335636000 0 0 0 0
1335628800 0 0 0 0
1335621600 0 0 0 0
1335614400 0 0 0 0
1335607200 0 0 0 0
1335600000 0 0 0 0
1335592800 0 0 0 0
1335585600 0 0 0 0
1335578400 0 0 0 0
1335571200 0 0 0 0
1335564000 0 0 0 0
1335556800 0 0 0 0
1335549600 0 0 0 0
1335542400 0 0 0 0
1335535200 0 0 0 0
1335528000 0 0 0 0
1335520800 0 0 0 0
1335513600 0 0 0 0
1335506400 0 0 0 0
1335499200 0 0 0 0
1335492000 0 0 0 0
1335484800 0 0 0 0
1335477600 0 0 0 0
1335470400 0 0 0 0
1335463200 0 0 0 0
1335456000 0 0 0 0
1335448800 0 0 0 0
1335441600 0 0 0 0
1335434400 0 0 0 0
1335427200 0 0 0 0
1335420000 0 0 0 0
1335412800 0 0 0 0
1335405600 0 0 0 0
1335398400 0 0 0 0
1335391200 0 0 0 0
1335384000 0 0 0 0
1335376800 0 0 0 0
1335369600 0 0 0 0
1335362400 0 0 0 0
1335355200 0 0 0 0
1335348000 0 0 0 0
1335340800 0 0 0 0
1335333600 0 0 0 0
1335326400 0 0 0 0
1335319200 0 0 0 0
1335312000 0 0 0 0
1335304800 0 0 0 0
1335297600 0 0 0 0
1335225600 0 0 0 0
1335139200 0 0 0 0
1335052800 0 0 0 0
1334966400 0 0 0 0
1334880000 0 0 0 0
1334793600 0 0 0 0
1334707200 0 0 0 0
1334620800 0 0 0 0
1334534400 0 0 0 0
1334448000 0 0 0 0
1334361600 0 0 0 0
1334275200 0 0 0 0
1334188800 0 0 0 0
1334102400 0 0 0 0
1334016000 0 0 0 0
1333929600 0 0 0 0
1333843200 0 0 0 0
1333756800 0 0 0 0
1333670400 0 0 0 0
1333584000 0 0 0 0
1333497600 0 0 0 0
1333411200 0 0 0 0
1333324800 0 0 0 0
1333238400 0 0 0 0
1333152000 0 0 0 0
1333065600 0 0 0 0
1332979200 0 0 0 0
1332892800 0 0 0 0
1332806400 0 0 0 0
1332720000 0 0 0 0
1332633600 0 0 0 0
1332547200 0 0 0 0
1332460800 0 0 0 0
1332374400 0 0 0 0
1332288000 0 0 0 0
1332201600 0 0 0 0
1332115200 0 0 0 0
1332028800 0 0 0 0
1331942400 0 0 0 0
1331856000 0 0 0 0
1331769600 0 0 0 0
1331683200 0 0 0 0
1331596800 0 0 0 0
1331510400 0 0 0 0
1331424000 0 0 0 0
1331337600 0 0 0 0
1331251200 0 0 0 0
1331164800 0 0 0 0
1331078400 0 0 0 0
1330992000 0 0 0 0
1330905600 0 0 0 0
1330819200 0 0 0 0
1330732800 0 0 0 0
1330646400 0 0 0 0
1330560000 0 0 0 0
1330473600 0 0 0 0
1330387200 0 0 0 0
1330300800 0 0 0 0
1330214400 0 0 0 0
1330128000 0 0 0 0
1330041600 0 0 0 0
1329955200 0 0 0 0
1329868800 0 0 0 0
1329782400 0 0 0 0
1329696000 0 0 0 0
1329609600 0 0 0 0
1329523200 0 0 0 0
1329436800 0 0 0 0
1329350400 0 0 0 0
1329264000 0 0 0 0
1329177600 0 0 0 0
1329091200 0 0 0 0
1329004800 0 0 0 0
1328918400 0 0 0 0
1328832000 0 0 0 0
1328745600 0 0 0 0
1328659200 0 0 0 0
1328572800 0 0 0 0
1328486400 0 0 0 0
1328400000 0 0 0 0
1328313600 0 0 0 0
1328227200 0 0 0 0
1328140800 0 0 0 0
1328054400 0 0 0 0
1327968000 0 0 0 0
1327881600 0 0 0 0
1327795200 0 0 0 0
1327708800 0 0 0 0
1327622400 0 0 0 0
1327536000 0 0 0 0
1327449600 0 0 0 0
1327363200 0 0 0 0
1327276800 0 0 0 0
1327190400 0 0 0 0
1327104000 0 0 0 0
1327017600 0 0 0 0
1326931200 0 0 0 0
1326844800 0 0 0 0
1326758400 0 0 0 0
1326672000 0 0 0 0
1326585600 0 0 0 0
1326499200 0 0 0 0
1326412800 0 0 0 0
1326326400 0 0 0 0
1326240000 0 0 0 0
1326153600 0 0 0 0
1326067200 0 0 0 0
1325980800 0 0 0 0
1325894400 0 0 0 0
1325808000 0 0 0 0
1325721600 0 0 0 0
1325635200 0 0 0 0
1325548800 0 0 0 0
1325462400 0 0 0 0
1325376000 0 0 0 0
1325289600 0 0 0 0
1325203200 0 0 0 0
1325116800 0 0 0 0
1325030400 0 0 0 0
1324944000 0 0 0 0
1324857600 0 0 0 0
1324771200 0 0 0 0
1324684800 0 0 0 0
1324598400 0 0 0 0
1324512000 0 0 0 0
1324425600 0 0 0 0
1324339200 0 0 0 0
1324252800 0 0 0 0
1324166400 0 0 0 0
1324080000 0 0 0 0
1323993600 0 0 0 0
1323907200 0 0 0 0
1323820800 0 0 0 0
1323734400 0 0 0 0
1323648000 0 0 0 0
1323561600 0 0 0 0
1323475200 0 0 0 0
1323388800 0 0 0 0
1323302400 0 0 0 0
1323216000 0 0 0 0
1323129600 0 0 0 0
1323043200 0 0 0 0
1322956800 0 0 0 0
1322870400 0 0 0 0
1322784000 0 0 0 0
1322697600 0 0 0 0
1322611200 0 0 0 0
1322524800 0 0 0 0
1322438400 0 0 0 0
1322352000 0 0 0 0
1322265600 0 0 0 0
1322179200 0 0 0 0
1322092800 0 0 0 0
1322006400 0 0 0 0
1321920000 0 0 0 0
1321833600 0 0 0 0
1321747200 0 0 0 0
1321660800 0 0 0 0
1321574400 0 0 0 0
1321488000 0 0 0 0
1321401600 0 0 0 0
1321315200 0 0 0 0
1321228800 0 0 0 0
1321142400 0 0 0 0
1321056000 0 0 0 0
1320969600 0 0 0 0
1320883200 0 0 0 0
1320796800 0 0 0 0
1320710400 0 0 0 0
1320624000 0 0 0 0
1320537600 0 0 0 0
1320451200 0 0 0 0
1320364800 0 0 0 0
1320278400 0 0 0 0
1320192000 0 0 0 0
1320105600 0 0 0 0
1320019200 0 0 0 0
1319932800 0 0 0 0
1319846400 0 0 0 0
1319760000 0 0 0 0
1319673600 0 0 0 0
1319587200 0 0 0 0
1319500800 0 0 0 0
1319414400 0 0 0 0
1319328000 0 0 0 0
1319241600 0 0 0 0
1319155200 0 0 0 0
1319068800 0 0 0 0
1318982400 0 0 0 0
1318896000 0 0 0 0
1318809600 0 0 0 0
1318723200 0 0 0 0
1318636800 0 0 0 0
1318550400 0 0 0 0
1318464000 0 0 0 0
1318377600 0 0 0 0
1318291200 0 0 0 0
1318204800 0 0 0 0
1318118400 0 0 0 0
1318032000 0 0 0 0
1317945600 0 0 0 0
1317859200 0 0 0 0
1317772800 0 0 0 0
1317686400 0 0 0 0
1317600000 0 0 0 0
1317513600 0 0 0 0
1317427200 0 0 0 0
1317340800 0 0 0 0
1317254400 0 0 0 0
1317168000 0 0 0 0
1317081600 0 0 0 0
1316995200 0 0 0 0
1316908800 0 0 0 0
1316822400 0 0 0 0
1316736000 0 0 0 0
1316649600 0 0 0 0
1316563200 0 0 0 0
1316476800 0 0 0 0
1316390400 0 0 0 0
1316304000 0 0 0 0
1316217600 0 0 0 0
1316131200 0 0 0 0
1316044800 0 0 0 0
1315958400 0 0 0 0
1315872000 0 0 0 0
1315785600 0 0 0 0
1315699200 0 0 0 0
1315612800 0 0 0 0
1315526400 0 0 0 0
1315440000 0 0 0 0
1315353600 0 0 0 0
1315267200 0 0 0 0
1315180800 0 0 0 0
1315094400 0 0 0 0
1315008000 0 0 0 0
1314921600 0 0 0 0
1314835200 0 0 0 0
1314748800 0 0 0 0
1314662400 0 0 0 0
1314576000 0 0 0 0
1314489600 0 0 0 0
1314403200 0 0 0 0
1314316800 0 0 0 0
1314230400 0 0 0 0
1314144000 0 0 0 0
1314057600 0 0 0 0
1313971200 0 0 0 0
1313884800 0 0 0 0
1313798400 0 0 0 0
1313712000 0 0 0 0
1313625600 0 0 0 0
1313539200 0 0 0 0
1313452800 0 0 0 0
1313366400 0 0 0 0
1313280000 0 0 0 0
1313193600 0 0 0 0
1313107200 0 0 0 0
1313020800 0 0 0 0
1312934400 0 0 0 0
1312848000 0 0 0 0
1312761600 0 0 0 0
1312675200 0 0 0 0
1312588800 0 0 0 0
1312502400 0 0 0 0
1312416000 0 0 0 0
1312329600 0 0 0 0
1312243200 0 0 0 0
1312156800 0 0 0 0
1312070400 0 0 0 0
1311984000 0 0 0 0
1311897600 0 0 0 0
1311811200 0 0 0 0
1311724800 0 0 0 0
1311638400 0 0 0 0
1311552000 0 0 0 0
1311465600 0 0 0 0
1311379200 0 0 0 0
1311292800 0 0 0 0
1311206400 0 0 0 0
1311120000 0 0 0 0
1311033600 0 0 0 0
1310947200 0 0 0 0
1310860800 0 0 0 0
1310774400 0 0 0 0
1310688000 0 0 0 0
1310601600 0 0 0 0
1310515200 0 0 0 0
1310428800 0 0 0 0
1310342400 0 0 0 0
1310256000 0 0 0 0
1310169600 0 0 0 0
1310083200 0 0 0 0
1309996800 0 0 0 0
1309910400 0 0 0 0
1309824000 0 0 0 0
1309737600 0 0 0 0
1309651200 0 0 0 0
1309564800 0 0 0 0
1309478400 0 0 0 0
1309392000 0 0 0 0
1309305600 0 0 0 0
1309219200 0 0 0 0
1309132800 0 0 0 0
1309046400 0 0 0 0
1308960000 0 0 0 0
1308873600 0 0 0 0
1308787200 0 0 0 0
1308700800 0 0 0 0
1308614400 0 0 0 0
1308528000 0 0 0 0
1308441600 0 0 0 0
1308355200 0 0 0 0
1308268800 0 0 0 0
1308182400 0 0 0 0
1308096000 0 0 0 0
1308009600 0 0 0 0
1307923200 0 0 0 0
1307836800 0 0 0 0
1307750400 0 0 0 0
1307664000 0 0 0 0
1307577600 0 0 0 0
1307491200 0 0 0 0
1307404800 0 0 0 0
1307318400 0 0 0 0
1307232000 0 0 0 0
1307145600 0 0 0 0
1307059200 0 0 0 0
1306972800 0 0 0 0
1306886400 0 0 0 0
1306800000 0 0 0 0
1306713600 0 0 0 0
1306627200 0 0 0 0
1306540800 0 0 0 0
1306454400 0 0 0 0
1306368000 0 0 0 0
1306281600 0 0 0 0
1306195200 0 0 0 0
1306108800 0 0 0 0
1306022400 0 0 0 0
1305936000 0 0 0 0
1305849600 0 0 0 0
1305763200 0 0 0 0
1305676800 0 0 0 0
1305590400 0 0 0 0
1305504000 0 0 0 0
1305417600 0 0 0 0
1305331200 0 0 0 0
1305244800 0 0 0 0
1305158400 0 0 0 0
1305072000 0 0 0 0
1304985600 0 0 0 0
1304899200 0 0 0 0
1304812800 0 0 0 0
1304726400 0 0 0 0
1304640000 0 0 0 0
1304553600 0 0 0 0
1304467200 0 0 0 0
1304380800 0 0 0 0
1304294400 0 0 0 0
1304208000 0 0 0 0
1304121600 0 0 0 0
1304035200 0 0 0 0
1303948800 0 0 0 0
1303862400 0 0 0 0
1303776000 0 0 0 0
1303689600 0 0 0 0
1303603200 0 0 0 0
1303516800 0 0 0 0
1303430400 0 0 0 0
1303344000 0 0 0 0
1303257600 0 0 0 0
1303171200 0 0 0 0
1303084800 0 0 0 0
1302998400 0 0 0 0
1302912000 0 0 0 0
1302825600 0 0 0 0
1302739200 0 0 0 0
1302652800 0 0 0 0
1302566400 0 0 0 0
1302480000 0 0 0 0
1302393600 0 0 0 0
1302307200 0 0 0 0
1302220800 0 0 0 0
1302134400 0 0 0 0
1302048000 0 0 0 0
1301961600 0 0 0 0
1301875200 0 0 0 0
1301788800 0 0 0 0
1301702400 0 0 0 0
1301616000 0 0 0 0
1301529600 0 0 0 0
1301443200 0 0 0 0
1301356800 0 0 0 0
1301270400 0 0 0 0
1301184000 0 0 0 0
1301097600 0 0 0 0
1301011200 0 0 0 0
1300924800 0 0 0 0
1300838400 0 0 0 0
1300752000 0 0 0 0
1300665600 0 0 0 0
1300579200 0 0 0 0
1300492800 0 0 0 0
1300406400 0 0 0 0
1300320000 0 0 0 0
1300233600 0 0 0 0
1300147200 0 0 0 0
1300060800 0 0 0 0
1299974400 0 0 0 0
1299888000 0 0 0 0
1299801600 0 0 0 0
1299715200 0 0 0 0
1299628800 0 0 0 0
1299542400 0 0 0 0
1299456000 0 0 0 0
1299369600 0 0 0 0
1299283200 0 0 0 0
1299196800 0 0 0 0
1299110400 0 0 0 0
1299024000 0 0 0 0
1298937600 0 0 0 0
1298851200 0 0 0 0
1298764800 0 0 0 0
1298678400 0 0 0 0
1298592000 0 0 0 0
1298505600 0 0 0 0
1298419200 0 0 0 0
1298332800 0 0 0 0
1298246400 0 0 0 0
1298160000 0 0 0 0
1298073600 0 0 0 0
1297987200 0 0 0 0
1297900800 0 0 0 0
1297814400 0 0 0 0
1297728000 0 0 0 0
1297641600 0 0 0 0
1297555200 0 0 0 0
1297468800 0 0 0 0
1297382400 0 0 0 0
1297296000 0 0 0 0
1297209600 0 0 0 0
1297123200 0 0 0 0
1297036800 0 0 0 0
1296950400 0 0 0 0
1296864000 0 0 0 0
1296777600 0 0 0 0
1296691200 0 0 0 0
1296604800 0 0 0 0
1296518400 0 0 0 0
1296432000 0 0 0 0
1296345600 0 0 0 0
1296259200 0 0 0 0
1296172800 0 0 0 0
1296086400 0 0 0 0
1296000000 0 0 0 0
1295913600 0 0 0 0
1295827200 0 0 0 0
1295740800 0 0 0 0
1295654400 0 0 0 0
1295568000 0 0 0 0
1295481600 0 0 0 0
1295395200 0 0 0 0
1295308800 0 0 0 0
1295222400 0 0 0 0
1295136000 0 0 0 0
1295049600 0 0 0 0
1294963200 0 0 0 0
1294876800 0 0 0 0
1294790400 0 0 0 0
1294704000 0 0 0 0
1294617600 0 0 0 0
1294531200 0 0 0 0
1294444800 0 0 0 0
1294358400 0 0 0 0
1294272000 0 0 0 0
1294185600 0 0 0 0
1294099200 0 0 0 0
1294012800 0 0 0 0
1293926400 0 0 0 0
1293840000 0 0 0 0
1293753600 0 0 0 0
1293667200 0 0 0 0
1293580800 0 0 0 0
1293494400 0 0 0 0
1293408000 0 0 0 0
1293321600 0 0 0 0
1293235200 0 0 0 0
1293148800 0 0 0 0
1293062400 0 0 0 0
1292976000 0 0 0 0
1292889600 0 0 0 0
1292803200 0 0 0 0
1292716800 0 0 0 0
1292630400 0 0 0 0
1292544000 0 0 0 0
1292457600 0 0 0 0
1292371200 0 0 0 0
1292284800 0 0 0 0
1292198400 0 0 0 0
1292112000 0 0 0 0
1292025600 0 0 0 0
1291939200 0 0 0 0
1291852800 0 0 0 0
1291766400 0 0 0 0
1291680000 0 0 0 0
1291593600 0 0 0 0
1291507200 0 0 0 0
1291420800 0 0 0 0
1291334400 0 0 0 0
1291248000 0 0 0 0
1291161600 0 0 0 0
1291075200 0 0 0 0
1290988800 0 0 0 0
1290902400 0 0 0 0
1290816000 0 0 0 0
1290729600 0 0 0 0
1290643200 0 0 0 0
1290556800 0 0 0 0
1290470400 0 0 0 0
1290384000 0 0 0 0
1290297600 0 0 0 0
1290211200 0 0 0 0
1290124800 0 0 0 0
1290038400 0 0 0 0
1289952000 0 0 0 0
1289865600 0 0 0 0
1289779200 0 0 0 0
1289692800 0 0 0 0
1289606400 0 0 0 0
1289520000 0 0 0 0
1289433600 0 0 0 0
1289347200 0 0 0 0
1289260800 0 0 0 0
1289174400 0 0 0 0
1289088000 0 0 0 0
1289001600 0 0 0 0
1288915200 0 0 0 0
1288828800 0 0 0 0
1288742400 0 0 0 0
1288656000 0 0 0 0
1288569600 0 0 0 0
1288483200 0 0 0 0
1288396800 0 0 0 0
1288310400 0 0 0 0
1288224000 0 0 0 0
1288137600 0 0 0 0
1288051200 0 0 0 0
1287964800 0 0 0 0
1287878400 0 0 0 0
1287792000 0 0 0 0
1287705600 0 0 0 0
1287619200 0 0 0 0
1287532800 0 0 0 0
1287446400 0 0 0 0
1287360000 0 0 0 0
1287273600 0 0 0 0
1287187200 0 0 0 0
1287100800 0 0 0 0
1287014400 0 0 0 0
1286928000 0 0 0 0
1286841600 0 0 0 0
1286755200 0 0 0 0
1286668800 0 0 0 0
1286582400 0 0 0 0
1286496000 0 0 0 0
1286409600 0 0 0 0
1286323200 0 0 0 0
1286236800 0 0 0 0
1286150400 0 0 0 0
1286064000 0 0 0 0
1285977600 0 0 0 0
1285891200 0 0 0 0
1285804800 0 0 0 0
1285718400 0 0 0 0
1285632000 0 0 0 0
1285545600 0 0 0 0
1285459200 0 0 0 0
1285372800 0 0 0 0
1285286400 0 0 0 0
1285200000 0 0 0 0
1285113600 0 0 0 0
1285027200 0 0 0 0
1284940800 0 0 0 0
1284854400 0 0 0 0
1284768000 0 0 0 0
1284681600 0 0 0 0
1284595200 0 0 0 0
1284508800 0 0 0 0
1284422400 0 0 0 0
1284336000 0 0 0 0
1284249600 0 0 0 0
1284163200 0 0 0 0
1284076800 0 0 0 0
1283990400 0 0 0 0
1283904000 0 0 0 0
1283817600 0 0 0 0
1283731200 0 0 0 0
1283644800 0 0 0 0
1283558400 0 0 0 0
1283472000 0 0 0 0
1283385600 0 0 0 0
1283299200 0 0 0 0
1283212800 0 0 0 0
1283126400 0 0 0 0
1283040000 0 0 0 0
1282953600 0 0 0 0
1282867200 0 0 0 0
1282780800 0 0 0 0
1282694400 0 0 0 0
1282608000 0 0 0 0
1282521600 0 0 0 0
1282435200 0 0 0 0
1282348800 0 0 0 0
1282262400 0 0 0 0
1282176000 0 0 0 0
1282089600 0 0 0 0
1282003200 0 0 0 0
1281916800 0 0 0 0
1281830400 0 0 0 0
1281744000 0 0 0 0
1281657600 0 0 0 0
1281571200 0 0 0 0
1281484800 0 0 0 0
1281398400 0 0 0 0
1281312000 0 0 0 0
1281225600 0 0 0 0
1281139200 0 0 0 0
1281052800 0 0 0 0
1280966400 0 0 0 0
1280880000 0 0 0 0
1280793600 0 0 0 0
1280707200 0 0 0 0
1280620800 0 0 0 0
1280534400 0 0 0 0
1280448000 0 0 0 0
1280361600 0 0 0 0
1280275200 0 0 0 0
1280188800 0 0 0 0
1280102400 0 0 0 0
1280016000 0 0 0 0
1279929600 0 0 0 0
1279843200 0 0 0 0
1279756800 0 0 0 0
1279670400 0 0 0 0
1279584000 0 0 0 0
1279497600 0 0 0 0
1279411200 0 0 0 0
1279324800 0 0 0 0
1279238400 0 0 0 0
1279152000 0 0 0 0
1279065600 0 0 0 0
1278979200 0 0 0 0
1278892800 0 0 0 0
1278806400 0 0 0 0
1278720000 0 0 0 0
1278633600 0 0 0 0
1278547200 0 0 0 0
1278460800 0 0 0 0
1278374400 0 0 0 0
1278288000 0 0 0 0
1278201600 0 0 0 0
1278115200 0 0 0 0
1278028800 0 0 0 0
1277942400 0 0 0 0
1277856000 0 0 0 0
1277769600 0 0 0 0
1277683200 0 0 0 0
1277596800 0 0 0 0
1277510400 0 0 0 0
1277424000 0 0 0 0
1277337600 0 0 0 0
1277251200 0 0 0 0
1277164800 0 0 0 0
1277078400 0 0 0 0
1276992000 0 0 0 0
1276905600 0 0 0 0
1276819200 0 0 0 0
1276732800 0 0 0 0
1276646400 0 0 0 0
1276560000 0 0 0 0
1276473600 0 0 0 0
1276387200 0 0 0 0
1276300800 0 0 0 0
1276214400 0 0 0 0
1276128000 0 0 0 0
1276041600 0 0 0 0
1275955200 0 0 0 0
1275868800 0 0 0 0
1275782400 0 0 0 0
1275696000 0 0 0 0
1275609600 0 0 0 0
1275523200 0 0 0 0
1275436800 0 0 0 0
1275350400 0 0 0 0
1275264000 0 0 0 0
1275177600 0 0 0 0
1275091200 0 0 0 0
1275004800 0 0 0 0
1274918400 0 0 0 0
1274832000 0 0 0 0
1274745600 0 0 0 0
1274659200 0 0 0 0
1274572800 0 0 0 0
1274486400 0 0 0 0
1274400000 0 0 0 0
1274313600 0 0 0 0
1274227200 0 0 0 0
1274140800 0 0 0 0
1274054400 0 0 0 0
1273968000 0 0 0 0
1273881600 0 0 0 0
1273795200 0 0 0 0
1273708800 0 0 0 0
1273622400 0 0 0 0
1273536000 0 0 0 0
1273449600 0 0 0 0
1273363200 0 0 0 0
1273276800 0 0 0 0
1273190400 0 0 0 0
1273104000 0 0 0 0
1273017600 0 0 0 0
1272931200 0 0 0 0
1272844800 0 0 0 0
1272758400 0 0 0 0
1272672000 0 0 0 0
1272585600 0 0 0 0
1272499200 0 0 0 0
1272412800 0 0 0 0
1272326400 0 0 0 0
1272240000 0 0 0 0
1272153600 0 0 0 0
1272067200 0 0 0 0
